<?xml version="1.0" encoding="UTF-8"?>
<!-- Generated by org.testng.reporters.JUnitReportReporter -->
<testsuite skipped="2" hostname="BAT04109L" name="runners.TestRunner" tests="2" failures="0" timestamp="05 Aug 2019 11:20:41 GMT" time="30.505" errors="0">
  <testcase name="runScenario" time="26.521" classname="runners.TestRunner">
    <skipped/>
  </testcase> <!-- runScenario -->
  <testcase name="runScenario" time="3.984" classname="runners.TestRunner">
    <skipped/>
  </testcase> <!-- runScenario -->
</testsuite> <!-- runners.TestRunner -->
